<?xml version="1.0" encoding="UTF-8"?>
<!-- Generated by org.testng.reporters.JUnitXMLReporter -->
<testsuite hostname="GOWTHAM-PC" ignored="0" name="Default test" tests="4" failures="0" timestamp="2022-12-03T09:59:54 IST" time="21.876" errors="0">
  <testcase name="loginWithBothCorrect" time="10.966" classname="org.UsingDataProvider.Login"/>
  <testcase name="loginWithBothCorrect" time="3.603" classname="org.UsingDataProvider.Login"/>
  <testcase name="loginWithBothCorrect" time="3.621" classname="org.UsingDataProvider.Login"/>
  <testcase name="loginWithBothCorrect" time="3.648" classname="org.UsingDataProvider.Login"/>
</testsuite> <!-- Default test -->
