<?xml version="1.0" encoding="UTF-8"?>
<testng-results skipped="0" failed="0" ignored="0" total="4" passed="4">
  <reporter-output>
  </reporter-output>
  <suite name="Default suite" duration-ms="21876" started-at="2022-12-03T09:59:32 IST" finished-at="2022-12-03T09:59:54 IST">
    <groups>
    </groups>
    <test name="Default test" duration-ms="21876" started-at="2022-12-03T09:59:32 IST" finished-at="2022-12-03T09:59:54 IST">
      <class name="org.UsingDataProvider.Login">
        <test-method status="PASS" signature="loginWithBothCorrect(java.lang.String, java.lang.String)[pri:0, instance:org.UsingDataProvider.Login@80503]" name="loginWithBothCorrect" duration-ms="10966" started-at="2022-12-03T09:59:32 IST" data-provider="loginData" finished-at="2022-12-03T09:59:43 IST">
          <params>
            <param index="0">
              <value>
                <![CDATA[student]]>
              </value>
            </param>
            <param index="1">
              <value>
                <![CDATA[Password123]]>
              </value>
            </param>
          </params>
          <reporter-output>
          </reporter-output>
        </test-method> <!-- loginWithBothCorrect -->
        <test-method status="PASS" signature="loginWithBothCorrect(java.lang.String, java.lang.String)[pri:0, instance:org.UsingDataProvider.Login@80503]" name="loginWithBothCorrect" duration-ms="3603" started-at="2022-12-03T09:59:43 IST" data-provider="loginData" finished-at="2022-12-03T09:59:46 IST">
          <params>
            <param index="0">
              <value>
                <![CDATA[student]]>
              </value>
            </param>
            <param index="1">
              <value>
                <![CDATA[dummy]]>
              </value>
            </param>
          </params>
          <reporter-output>
          </reporter-output>
        </test-method> <!-- loginWithBothCorrect -->
        <test-method status="PASS" signature="loginWithBothCorrect(java.lang.String, java.lang.String)[pri:0, instance:org.UsingDataProvider.Login@80503]" name="loginWithBothCorrect" duration-ms="3621" started-at="2022-12-03T09:59:46 IST" data-provider="loginData" finished-at="2022-12-03T09:59:50 IST">
          <params>
            <param index="0">
              <value>
                <![CDATA[dummy]]>
              </value>
            </param>
            <param index="1">
              <value>
                <![CDATA[Password123]]>
              </value>
            </param>
          </params>
          <reporter-output>
          </reporter-output>
        </test-method> <!-- loginWithBothCorrect -->
        <test-method status="PASS" signature="loginWithBothCorrect(java.lang.String, java.lang.String)[pri:0, instance:org.UsingDataProvider.Login@80503]" name="loginWithBothCorrect" duration-ms="3648" started-at="2022-12-03T09:59:50 IST" data-provider="loginData" finished-at="2022-12-03T09:59:54 IST">
          <params>
            <param index="0">
              <value>
                <![CDATA[dummy]]>
              </value>
            </param>
            <param index="1">
              <value>
                <![CDATA[dummy]]>
              </value>
            </param>
          </params>
          <reporter-output>
          </reporter-output>
        </test-method> <!-- loginWithBothCorrect -->
      </class> <!-- org.UsingDataProvider.Login -->
    </test> <!-- Default test -->
  </suite> <!-- Default suite -->
</testng-results>
